[Fri, 1. Sep 2017 05:52:09 NZST | ID 270035262011211779] Etanarvazac: §eTEST
[Fri, 1. Sep 2017 05:53:25 NZST | ID 270035262011211779] Etanarvazac: say Test
[Fri, 1. Sep 2017 11:38:55 NZST | ID 270035262011211779] Etanarvazac: restart
[Fri, 1. Sep 2017 16:22:19 NZST | ID 270035262011211779] Etanarvazac: stop
[Sat, 2. Sep 2017 12:17:07 NZST | ID 270035262011211779] Etanarvazac: help
[Tue, 5. Sep 2017 18:02:08 NZST | ID 235110194613452800] OfficialBradisswag: pex user bradisswag group add OWNER
[Tue, 5. Sep 2017 18:02:48 NZST | ID 235110194613452800] OfficialBradisswag: pex user ValzionYT add worldedit.*
[Tue, 5. Sep 2017 18:20:17 NZST | ID 235110194613452800] OfficialBradisswag: pex group
[Tue, 5. Sep 2017 18:20:29 NZST | ID 235110194613452800] OfficialBradisswag: pex group create OWNER
[Tue, 5. Sep 2017 18:20:44 NZST | ID 235110194613452800] OfficialBradisswag: pex group OWNER create
[Tue, 5. Sep 2017 18:20:57 NZST | ID 235110194613452800] OfficialBradisswag: pex group owner add *
[Tue, 5. Sep 2017 18:21:07 NZST | ID 235110194613452800] OfficialBradisswag: pex user Bradisswag group add OWNER
[Tue, 5. Sep 2017 18:21:40 NZST | ID 235110194613452800] OfficialBradisswag: pex group OWNER prefix &c[OWNER]
[Sat, 9. Sep 2017 16:24:29 NZST | ID 270035262011211779] Etanarvazac: dm list
[Mon, 11. Sep 2017 07:28:27 NZST | ID 270035262011211779] Etanarvazac: pex user NoHaxersJustPros group add Trial-Mod
[Tue, 28. Nov 2017 05:10:09 NZDT | ID 270035262011211779] Etanarvazac: say 😄
[Tue, 28. Nov 2017 05:10:51 NZDT | ID 270035262011211779] Etanarvazac: //schem list
[Tue, 28. Nov 2017 05:11:02 NZDT | ID 270035262011211779] Etanarvazac: schem list
[Tue, 28. Nov 2017 05:11:29 NZDT | ID 270035262011211779] Etanarvazac: schem
[Tue, 28. Nov 2017 05:11:51 NZDT | ID 270035262011211779] Etanarvazac: schem delete ServerSpawn
[Tue, 28. Nov 2017 20:02:31 NZDT | ID 235110194613452800] OfficialBradisswag: pex user ValzionYT
[Tue, 28. Nov 2017 20:02:42 NZDT | ID 235110194613452800] OfficialBradisswag: pex group
[Tue, 28. Nov 2017 20:03:13 NZDT | ID 235110194613452800] OfficialBradisswag: pex user ValzionYTadd *
[Tue, 28. Nov 2017 20:03:29 NZDT | ID 235110194613452800] OfficialBradisswag: pex user ValzionYT add *
[Tue, 28. Nov 2017 20:03:42 NZDT | ID 235110194613452800] OfficialBradisswag: mvtp survival
[Tue, 28. Nov 2017 20:03:51 NZDT | ID 235110194613452800] OfficialBradisswag: mvtp ValzionYT Survival
[Wed, 29. Nov 2017 16:10:22 NZDT | ID 270035262011211779] Etanarvazac: say Hmmm
[Wed, 29. Nov 2017 16:10:30 NZDT | ID 270035262011211779] Etanarvazac: say Working on spawn?
[Wed, 29. Nov 2017 16:11:09 NZDT | ID 270035262011211779] Etanarvazac: say Awesome. 'bout to hop in and hopefully finish pasting spawn
[Wed, 29. Nov 2017 16:11:13 NZDT | ID 270035262011211779] Etanarvazac: fast
[Wed, 29. Nov 2017 16:11:41 NZDT | ID 270035262011211779] Etanarvazac: say Make sure //fast is enabled
[Wed, 29. Nov 2017 16:12:12 NZDT | ID 292127736062017547] Fred: say Found u Etan xD
[Wed, 29. Nov 2017 16:12:34 NZDT | ID 270035262011211779] Etanarvazac: Huh?
[Wed, 29. Nov 2017 16:12:42 NZDT | ID 270035262011211779] Etanarvazac: say Huh?
[Wed, 29. Nov 2017 16:12:49 NZDT | ID 292127736062017547] Fred: say lol
[Wed, 29. Nov 2017 16:13:17 NZDT | ID 270035262011211779] Etanarvazac: say Found me?
[Wed, 29. Nov 2017 16:13:25 NZDT | ID 292127736062017547] Fred: say Yus
[Wed, 29. Nov 2017 16:13:42 NZDT | ID 292127736062017547] Fred: bc Brad is doing things...
[Wed, 29. Nov 2017 16:13:56 NZDT | ID 292127736062017547] Fred: say oof
[Wed, 29. Nov 2017 16:15:43 NZDT | ID 292127736062017547] Fred: say Brad u good bro
[Wed, 29. Nov 2017 16:16:12 NZDT | ID 292127736062017547] Fred: say I am launching Minecraft
[Wed, 29. Nov 2017 16:16:35 NZDT | ID 292127736062017547] Fred: sudo Bradisswag I gtg
[Wed, 29. Nov 2017 16:16:52 NZDT | ID 292127736062017547] Fred: sudo Bradisswag cya
[Wed, 29. Nov 2017 16:17:04 NZDT | ID 292127736062017547] Fred: say lol
[Wed, 29. Nov 2017 16:18:40 NZDT | ID 292127736062017547] Fred: say I can op him
[Wed, 29. Nov 2017 16:20:17 NZDT | ID 270035262011211779] Etanarvazac: pex group ?
[Wed, 29. Nov 2017 16:20:26 NZDT | ID 270035262011211779] Etanarvazac: pex ?
[Wed, 29. Nov 2017 16:21:21 NZDT | ID 292127736062017547] Fred: tp Fred_o_PAIN Bradisswag
[Wed, 29. Nov 2017 16:25:30 NZDT | ID 270035262011211779] Etanarvazac: say Oh wow. Server really hating me
[Wed, 29. Nov 2017 16:28:16 NZDT | ID 292127736062017547] Fred: say oof
[Wed, 29. Nov 2017 16:29:03 NZDT | ID 270035262011211779] Etanarvazac: say I just died.
[Wed, 29. Nov 2017 16:29:28 NZDT | ID 270035262011211779] Etanarvazac: say The latency on MC is insane
[Wed, 29. Nov 2017 16:32:11 NZDT | ID 292127736062017547] Fred: say Server lag
[Wed, 29. Nov 2017 16:33:38 NZDT | ID 270035262011211779] Etanarvazac: say The paste is what's causing the lag.
[Wed, 29. Nov 2017 16:33:59 NZDT | ID 270035262011211779] Etanarvazac: say That extra 215MB of RAM I gave seems to be helping
[Wed, 29. Nov 2017 16:34:40 NZDT | ID 292127736062017547] Fred: say The silent leave/join thing needs to be fixed
[Wed, 29. Nov 2017 16:34:43 NZDT | ID 270035262011211779] Etanarvazac: say At least 11k
[Wed, 29. Nov 2017 16:35:10 NZDT | ID 270035262011211779] Etanarvazac: say Oh wait... Paste broke again...
[Wed, 29. Nov 2017 16:36:03 NZDT | ID 270035262011211779] Etanarvazac: say Please add the ability for use to use it. The silent join/leave is annoying me. :/
[Wed, 29. Nov 2017 16:36:49 NZDT | ID 270035262011211779] Etanarvazac: say Well now the major bit of the paste is kicking in.
[Wed, 29. Nov 2017 16:36:56 NZDT | ID 292127736062017547] Fred: say you would do something like /sa true or /sa false to trigger it
[Wed, 29. Nov 2017 16:38:05 NZDT | ID 292127736062017547] Fred: say Bungee is not good bro
[Wed, 29. Nov 2017 16:38:11 NZDT | ID 270035262011211779] Etanarvazac: say I know. But please let it loosen 1 perm.
[Wed, 29. Nov 2017 16:39:44 NZDT | ID 235110194613452800] OfficialBradisswag: xD
[Wed, 29. Nov 2017 16:39:50 NZDT | ID 270035262011211779] Etanarvazac: stop
[Wed, 29. Nov 2017 16:43:56 NZDT | ID 270035262011211779] Etanarvazac: Oh wow. Now autorestart kicks in. XD
[Wed, 29. Nov 2017 16:43:58 NZDT | ID 235110194613452800] OfficialBradisswag: 😉
[Wed, 29. Nov 2017 16:44:43 NZDT | ID 270035262011211779] Etanarvazac: Killed the core. XD I'll finish paste later
[Wed, 29. Nov 2017 16:44:45 NZDT | ID 235110194613452800] OfficialBradisswag: @EST • Ðev • Etanarvazac tEST THE COMAND
[Wed, 29. Nov 2017 16:44:48 NZDT | ID 235110194613452800] OfficialBradisswag: 😛
[Wed, 29. Nov 2017 17:02:00 NZDT | ID 292127736062017547] Fred: sudo Bradisswag poop
[Wed, 29. Nov 2017 18:38:11 NZDT | ID 292127736062017547] Fred: sudo ilovebunbun Farts are noice
[Wed, 29. Nov 2017 18:38:45 NZDT | ID 292127736062017547] Fred: sudo SOPHIEISSWAGGAR Aqua is poop bum
[Wed, 29. Nov 2017 18:39:07 NZDT | ID 292127736062017547] Fred: sudo SOPHIEISSWAGGAR JK
[Wed, 29. Nov 2017 18:39:15 NZDT | ID 292127736062017547] Fred: sudo SOPHIEISSWAGGAR lol
[Wed, 29. Nov 2017 18:39:24 NZDT | ID 292127736062017547] Fred: say lol
[Wed, 29. Nov 2017 18:39:43 NZDT | ID 292127736062017547] Fred: say Brad look at your Discord
[Wed, 29. Nov 2017 18:39:58 NZDT | ID 292127736062017547] Fred: say there is someone named "Aquatiq"
[Sat, 2. Dec 2017 15:43:27 NZDT | ID 270035262011211779] Etanarvazac: whitelist
[Sat, 2. Dec 2017 15:43:42 NZDT | ID 270035262011211779] Etanarvazac: whitelist add ValzionYT
[Sat, 2. Dec 2017 15:43:59 NZDT | ID 270035262011211779] Etanarvazac: #builders
[Mon, 4. Dec 2017 07:37:31 NZDT | ID 235110194613452800] OfficialBradisswag: say Hi
[Wed, 6. Dec 2017 10:05:55 NZDT | ID 235110194613452800] OfficialBradisswag: //brush
[Wed, 6. Dec 2017 10:06:03 NZDT | ID 235110194613452800] OfficialBradisswag: /brush
[Wed, 6. Dec 2017 10:06:15 NZDT | ID 235110194613452800] OfficialBradisswag: //help
[Wed, 6. Dec 2017 10:06:21 NZDT | ID 235110194613452800] OfficialBradisswag: //
[Wed, 6. Dec 2017 10:06:34 NZDT | ID 235110194613452800] OfficialBradisswag: /help worldedit
[Wed, 6. Dec 2017 10:07:01 NZDT | ID 235110194613452800] OfficialBradisswag: /worldedit help
[Wed, 6. Dec 2017 10:07:12 NZDT | ID 235110194613452800] OfficialBradisswag: /help worldedit help
[Wed, 6. Dec 2017 10:07:36 NZDT | ID 235110194613452800] OfficialBradisswag: //brush smooth 5
[Wed, 6. Dec 2017 18:46:18 NZDT | ID 292127736062017547] Fred: kick ValzionYT
[Wed, 6. Dec 2017 18:52:19 NZDT | ID 292127736062017547] Fred: say I will ban you
[Wed, 6. Dec 2017 18:52:33 NZDT | ID 292127736062017547] Fred: say Stop kicking me
[Wed, 6. Dec 2017 18:52:52 NZDT | ID 292127736062017547] Fred: say I have more authority over you
[Wed, 6. Dec 2017 18:53:21 NZDT | ID 292127736062017547] Fred: say I know
[Thu, 7. Dec 2017 06:04:36 NZDT | ID 270035262011211779] Etanarvazac: @NZT • Owner • Brad #FML
[Thu, 7. Dec 2017 06:04:51 NZDT | ID 270035262011211779] Etanarvazac: I just updated everything last week
[Thu, 7. Dec 2017 06:09:03 NZDT | ID 270035262011211779] Etanarvazac: **Update List**
```
AdvancedPortals
PlayerSkulls
PlugMan
SignShop
Sudo
ViaVersion
DynMap
```
**Manual Check**
```
AsyncWorldEditInjector
ChatEx
CommandsDispatcher
CratesPlus
Lockette
Multiverse-Core
PermissionsEx
Vault
WorldEdit
WorldGuard
```
**Up-to-date**
AsyncWorldEdit
[Thu, 7. Dec 2017 10:17:44 NZDT | ID 270035262011211779] Etanarvazac: plugman list
[Thu, 7. Dec 2017 14:28:44 NZDT | ID 270035262011211779] Etanarvazac: say Test
[Fri, 8. Dec 2017 18:31:53 NZDT | ID 235110194613452800] OfficialBradisswag: list
[Fri, 8. Dec 2017 18:36:42 NZDT | ID 235110194613452800] OfficialBradisswag: say I accepted the join request into your TLSMP discord BTW
[Thu, 14. Dec 2017 10:31:55 NZDT | ID 235110194613452800] OfficialBradisswag: List
[Thu, 14. Dec 2017 10:34:53 NZDT | ID 235110194613452800] OfficialBradisswag: Checkban miozo
[Thu, 14. Dec 2017 10:35:09 NZDT | ID 235110194613452800] OfficialBradisswag: Plugman list
[Thu, 14. Dec 2017 10:40:56 NZDT | ID 235110194613452800] OfficialBradisswag: Ip
[Thu, 14. Dec 2017 10:41:04 NZDT | ID 235110194613452800] OfficialBradisswag: Help
[Thu, 14. Dec 2017 10:44:51 NZDT | ID 235110194613452800] OfficialBradisswag: /halt
[Thu, 14. Dec 2017 10:45:07 NZDT | ID 235110194613452800] OfficialBradisswag: halt-activity
[Thu, 14. Dec 2017 10:47:56 NZDT | ID 235110194613452800] OfficialBradisswag: Halt
[Thu, 14. Dec 2017 10:51:48 NZDT | ID 235110194613452800] OfficialBradisswag: Ping
[Thu, 14. Dec 2017 10:52:03 NZDT | ID 235110194613452800] OfficialBradisswag: Ping paulsolar.ddns.net
[Thu, 14. Dec 2017 12:42:55 NZDT | ID 235110194613452800] OfficialBradisswag: Bdispatch
[Thu, 14. Dec 2017 12:43:12 NZDT | ID 235110194613452800] OfficialBradisswag: Bdispatch all restart
[Thu, 14. Dec 2017 12:43:19 NZDT | ID 235110194613452800] OfficialBradisswag: :/
[Thu, 14. Dec 2017 12:43:21 NZDT | ID 235110194613452800] OfficialBradisswag: Rip
[Thu, 14. Dec 2017 17:02:45 NZDT | ID 270035262011211779] Etanarvazac: pex
[Fri, 15. Dec 2017 16:16:19 NZDT | ID 270035262011211779] Etanarvazac: ping
[Sat, 16. Dec 2017 11:57:20 NZDT | ID 235110194613452800] OfficialBradisswag: dynmap
[Sat, 16. Dec 2017 18:39:52 NZDT | ID 235110194613452800] OfficialBradisswag: halt-activity
[Sat, 16. Dec 2017 18:40:42 NZDT | ID 235110194613452800] OfficialBradisswag: halt-activity
[Sat, 16. Dec 2017 18:40:42 NZDT | ID 235110194613452800] OfficialBradisswag: halt-activity
[Sun, 17. Dec 2017 09:14:08 NZDT | ID 235110194613452800] OfficialBradisswag: Lr gc
[Sun, 17. Dec 2017 09:14:50 NZDT | ID 235110194613452800] OfficialBradisswag: Halt-activity
[Sun, 17. Dec 2017 09:14:55 NZDT | ID 235110194613452800] OfficialBradisswag: Autorr now
[Sun, 24. Dec 2017 05:57:58 NZDT | ID 270035262011211779] Etanarvazac: onlinemode="false"
[Sun, 24. Dec 2017 05:58:05 NZDT | ID 270035262011211779] Etanarvazac: Yar!
[Wed, 27. Dec 2017 16:07:33 NZDT | ID 235110194613452800] OfficialBradisswag: Autore time
[Wed, 27. Dec 2017 16:07:39 NZDT | ID 235110194613452800] OfficialBradisswag: Save-all
[Wed, 27. Dec 2017 16:07:51 NZDT | ID 235110194613452800] OfficialBradisswag: Autore time
[Wed, 27. Dec 2017 16:07:58 NZDT | ID 235110194613452800] OfficialBradisswag: Autore now
[Fri, 5. Jan 2018 23:38:40 NZDT | ID 270035262011211779] Etanarvazac: stop
[Fri, 12. Jan 2018 16:50:03 NZDT | ID 235110194613452800] OfficialBradisswag: Whitelist on
[Sat, 13. Jan 2018 08:02:40 NZDT | ID 235110194613452800] OfficialBradisswag: Pex groups
[Sat, 13. Jan 2018 08:02:56 NZDT | ID 235110194613452800] OfficialBradisswag: Pex group owner
[Sat, 13. Jan 2018 08:03:14 NZDT | ID 235110194613452800] OfficialBradisswag: Pex user Bradisswag
